This file contains any messages produced by compilers while
running configure, to aid debugging if configure makes a mistake.

It was created by FULL-PACKAGE-NAME configure VERSION, which was
generated by GNU Autoconf 2.69.  Invocation command line was

  $ ./configure 

## --------- ##
## Platform. ##
## --------- ##

hostname = mac-peterleyadeMacBook-Pro.local
uname -m = x86_64
uname -r = 14.3.0
uname -s = Darwin
uname -v = Darwin Kernel Version 14.3.0: Mon Mar 23 11:59:05 PDT 2015; root:xnu-2782.20.48~5/RELEASE_X86_64

/usr/bin/uname -p = i386
/bin/uname -X     = unknown

/bin/arch              = unknown
/usr/bin/arch -k       = unknown
/usr/convex/getsysinfo = unknown
/usr/bin/hostinfo      = Mach kernel version:
	 Darwin Kernel Version 14.3.0: Mon Mar 23 11:59:05 PDT 2015; root:xnu-2782.20.48~5/RELEASE_X86_64
Kernel configured for up to 4 processors.
2 processors are physically available.
4 processors are logically available.
Processor type: x86_64h (Intel x86-64h Haswell)
Processors active: 0 1 2 3
Primary memory available: 8.00 gigabytes
Default processor set: 253 tasks, 1240 threads, 4 processors
Load average: 1.96, Mach factor: 2.04
/bin/machine           = unknown
/usr/bin/oslevel       = unknown
/bin/universe          = unknown

PATH: /Users/peterleya/Android/sdk/tools
PATH: /Users/peterleya/Android/sdk/platform-tools
PATH: /Users/peterleya/Android/sdk
PATH: /Users/peterleya/Downloads/cocos2d-x-3.6/templates
PATH: /opt/android-ndk-r10d
PATH: /usr/local/Cellar/ant/1.9.4/libexec/bin
PATH: /Applications/Cocos/frameworks
PATH: /Applications/Cocos/frameworks/cocos2d-x-3.6/tools/cocos2d-console/bin
PATH: /Users/peterleya/bin
PATH: /usr/local/bin
PATH: /usr/local/bin
PATH: /usr/bin
PATH: /bin
PATH: /usr/sbin
PATH: /sbin
PATH: /Users/peterleya/Android/sdk/tools
PATH: /Users/peterleya/Android/sdk/platform-tools
PATH: /Users/peterleya/Android/gradle-2.3/bin
PATH: /usr/local/Cellar/maven/3.3.1/bin


## ----------- ##
## Core tests. ##
## ----------- ##

configure:1883: checking for a BSD-compatible install
configure:1951: result: /usr/bin/install -c
configure:1962: checking whether build environment is sane
configure:2017: result: yes
configure:2168: checking for a thread-safe mkdir -p
configure:2207: result: ./../install-sh -c -d
configure:2214: checking for gawk
configure:2244: result: no
configure:2214: checking for mawk
configure:2244: result: no
configure:2214: checking for nawk
configure:2244: result: no
configure:2214: checking for awk
configure:2230: found /usr/bin/awk
configure:2241: result: awk
configure:2252: checking whether make sets $(MAKE)
configure:2274: result: yes
configure:2303: checking whether make supports nested variables
configure:2320: result: yes
configure:2499: checking for gcc
configure:2515: found /usr/bin/gcc
configure:2526: result: gcc
configure:2755: checking for C compiler version
configure:2764: gcc --version >&5
Apple LLVM version 6.1.0 (clang-602.0.53) (based on LLVM 3.6.0svn)
Target: x86_64-apple-darwin14.3.0
Thread model: posix
Configured with: --prefix=/Applications/Xcode.app/Contents/Developer/usr --with-gxx-include-dir=/usr/include/c++/4.2.1
configure:2775: $? = 0
configure:2764: gcc -v >&5
Configured with: --prefix=/Applications/Xcode.app/Contents/Developer/usr --with-gxx-include-dir=/usr/include/c++/4.2.1
Apple LLVM version 6.1.0 (clang-602.0.53) (based on LLVM 3.6.0svn)
Target: x86_64-apple-darwin14.3.0
Thread model: posix
configure:2775: $? = 0
configure:2764: gcc -V >&5
clang: error: argument to '-V' is missing (expected 1 value)
clang: error: no input files
configure:2775: $? = 1
configure:2764: gcc -qversion >&5
clang: error: unknown argument: '-qversion'
clang: error: no input files
configure:2775: $? = 1
configure:2795: checking whether the C compiler works
configure:2817: gcc    conftest.c  >&5
configure:2821: $? = 0
configure:2869: result: yes
configure:2872: checking for C compiler default output file name
configure:2874: result: a.out
configure:2880: checking for suffix of executables
configure:2887: gcc -o conftest    conftest.c  >&5
configure:2891: $? = 0
configure:2913: result: 
configure:2935: checking whether we are cross compiling
configure:2943: gcc -o conftest    conftest.c  >&5
configure:2947: $? = 0
configure:2954: ./conftest
configure:2958: $? = 0
configure:2973: result: no
configure:2978: checking for suffix of object files
configure:3000: gcc -c   conftest.c >&5
configure:3004: $? = 0
configure:3025: result: o
configure:3029: checking whether we are using the GNU C compiler
configure:3048: gcc -c   conftest.c >&5
configure:3048: $? = 0
configure:3057: result: yes
configure:3066: checking whether gcc accepts -g
configure:3086: gcc -c -g  conftest.c >&5
configure:3086: $? = 0
configure:3127: result: yes
configure:3144: checking for gcc option to accept ISO C89
configure:3207: gcc  -c -g -O2  conftest.c >&5
configure:3207: $? = 0
configure:3220: result: none needed
configure:3245: checking whether gcc understands -c and -o together
configure:3267: gcc -c conftest.c -o conftest2.o
configure:3270: $? = 0
configure:3267: gcc -c conftest.c -o conftest2.o
configure:3270: $? = 0
configure:3282: result: yes
configure:3310: checking for style of include used by make
configure:3338: result: GNU
configure:3364: checking dependency style of gcc
configure:3475: result: gcc3
configure:3548: checking for g++
configure:3564: found /usr/bin/g++
configure:3575: result: g++
configure:3602: checking for C++ compiler version
configure:3611: g++ --version >&5
Apple LLVM version 6.1.0 (clang-602.0.53) (based on LLVM 3.6.0svn)
Target: x86_64-apple-darwin14.3.0
Thread model: posix
Configured with: --prefix=/Applications/Xcode.app/Contents/Developer/usr --with-gxx-include-dir=/usr/include/c++/4.2.1
configure:3622: $? = 0
configure:3611: g++ -v >&5
Configured with: --prefix=/Applications/Xcode.app/Contents/Developer/usr --with-gxx-include-dir=/usr/include/c++/4.2.1
Apple LLVM version 6.1.0 (clang-602.0.53) (based on LLVM 3.6.0svn)
Target: x86_64-apple-darwin14.3.0
Thread model: posix
configure:3622: $? = 0
configure:3611: g++ -V >&5
clang: error: argument to '-V' is missing (expected 1 value)
clang: error: no input files
configure:3622: $? = 1
configure:3611: g++ -qversion >&5
clang: error: unknown argument: '-qversion'
clang: error: no input files
configure:3622: $? = 1
configure:3626: checking whether we are using the GNU C++ compiler
configure:3645: g++ -c   conftest.cpp >&5
configure:3645: $? = 0
configure:3654: result: yes
configure:3663: checking whether g++ accepts -g
configure:3683: g++ -c -g  conftest.cpp >&5
configure:3683: $? = 0
configure:3724: result: yes
configure:3749: checking dependency style of g++
configure:3860: result: gcc3
configure:3918: checking for ranlib
configure:3934: found /usr/bin/ranlib
configure:3945: result: ranlib
configure:4088: checking that generated files are newer than configure
configure:4094: result: done
configure:4121: creating ./config.status

## ---------------------- ##
## Running config.status. ##
## ---------------------- ##

This file was extended by FULL-PACKAGE-NAME config.status VERSION, which was
generated by GNU Autoconf 2.69.  Invocation command line was

  CONFIG_FILES    = 
  CONFIG_HEADERS  = 
  CONFIG_LINKS    = 
  CONFIG_COMMANDS = 
  $ ./config.status 

on mac-peterleyadeMacBook-Pro.local

config.status:848: creating Makefile
config.status:848: creating src/Makefile
config.status:848: creating lib/Makefile
config.status:848: creating config.h
config.status:1077: executing depfiles commands

## ---------------- ##
## Cache variables. ##
## ---------------- ##

ac_cv_c_compiler_gnu=yes
ac_cv_cxx_compiler_gnu=yes
ac_cv_env_CCC_set=
ac_cv_env_CCC_value=
ac_cv_env_CC_set=
ac_cv_env_CC_value=
ac_cv_env_CFLAGS_set=
ac_cv_env_CFLAGS_value=
ac_cv_env_CPPFLAGS_set=
ac_cv_env_CPPFLAGS_value=
ac_cv_env_CXXFLAGS_set=
ac_cv_env_CXXFLAGS_value=
ac_cv_env_CXX_set=
ac_cv_env_CXX_value=
ac_cv_env_LDFLAGS_set=
ac_cv_env_LDFLAGS_value=
ac_cv_env_LIBS_set=
ac_cv_env_LIBS_value=
ac_cv_env_build_alias_set=
ac_cv_env_build_alias_value=
ac_cv_env_host_alias_set=
ac_cv_env_host_alias_value=
ac_cv_env_target_alias_set=
ac_cv_env_target_alias_value=
ac_cv_objext=o
ac_cv_path_install='/usr/bin/install -c'
ac_cv_prog_AWK=awk
ac_cv_prog_ac_ct_CC=gcc
ac_cv_prog_ac_ct_CXX=g++
ac_cv_prog_ac_ct_RANLIB=ranlib
ac_cv_prog_cc_c89=
ac_cv_prog_cc_g=yes
ac_cv_prog_cxx_g=yes
ac_cv_prog_make_make_set=yes
am_cv_CC_dependencies_compiler_type=gcc3
am_cv_CXX_dependencies_compiler_type=gcc3
am_cv_make_support_nested_variables=yes
am_cv_prog_cc_c_o=yes

## ----------------- ##
## Output variables. ##
## ----------------- ##

ACLOCAL='${SHELL} /Users/peterleya/github/autotools-helloworld/missing aclocal-1.15'
AMDEPBACKSLASH='\'
AMDEP_FALSE='#'
AMDEP_TRUE=''
AMTAR='$${TAR-tar}'
AM_BACKSLASH='\'
AM_DEFAULT_V='$(AM_DEFAULT_VERBOSITY)'
AM_DEFAULT_VERBOSITY='1'
AM_V='$(V)'
AUTOCONF='${SHELL} /Users/peterleya/github/autotools-helloworld/missing autoconf'
AUTOHEADER='${SHELL} /Users/peterleya/github/autotools-helloworld/missing autoheader'
AUTOMAKE='${SHELL} /Users/peterleya/github/autotools-helloworld/missing automake-1.15'
AWK='awk'
CC='gcc'
CCDEPMODE='depmode=gcc3'
CFLAGS='-g -O2'
CPPFLAGS=''
CXX='g++'
CXXDEPMODE='depmode=gcc3'
CXXFLAGS='-g -O2'
CYGPATH_W='echo'
DEFS='-DHAVE_CONFIG_H'
DEPDIR='.deps'
ECHO_C='\c'
ECHO_N=''
ECHO_T=''
EXEEXT=''
INSTALL_DATA='${INSTALL} -m 644'
INSTALL_PROGRAM='${INSTALL}'
INSTALL_SCRIPT='${INSTALL}'
INSTALL_STRIP_PROGRAM='$(install_sh) -c -s'
LDFLAGS=''
LIBOBJS=''
LIBS=''
LTLIBOBJS=''
MAKEINFO='${SHELL} /Users/peterleya/github/autotools-helloworld/missing makeinfo'
MKDIR_P='./../install-sh -c -d'
OBJEXT='o'
PACKAGE='full-package-name'
PACKAGE_BUGREPORT='BUG-REPORT-ADDRESS'
PACKAGE_NAME='FULL-PACKAGE-NAME'
PACKAGE_STRING='FULL-PACKAGE-NAME VERSION'
PACKAGE_TARNAME='full-package-name'
PACKAGE_URL=''
PACKAGE_VERSION='VERSION'
PATH_SEPARATOR=':'
RANLIB='ranlib'
SET_MAKE=''
SHELL='/bin/sh'
STRIP=''
VERSION='VERSION'
ac_ct_CC='gcc'
ac_ct_CXX='g++'
am__EXEEXT_FALSE=''
am__EXEEXT_TRUE='#'
am__fastdepCC_FALSE='#'
am__fastdepCC_TRUE=''
am__fastdepCXX_FALSE='#'
am__fastdepCXX_TRUE=''
am__include='include'
am__isrc=''
am__leading_dot='.'
am__nodep='_no'
am__quote=''
am__tar='$${TAR-tar} chof - "$$tardir"'
am__untar='$${TAR-tar} xf -'
bindir='${exec_prefix}/bin'
build_alias=''
datadir='${datarootdir}'
datarootdir='${prefix}/share'
docdir='${datarootdir}/doc/${PACKAGE_TARNAME}'
dvidir='${docdir}'
exec_prefix='${prefix}'
host_alias=''
htmldir='${docdir}'
includedir='${prefix}/include'
infodir='${datarootdir}/info'
install_sh='${SHELL} /Users/peterleya/github/autotools-helloworld/install-sh'
libdir='${exec_prefix}/lib'
libexecdir='${exec_prefix}/libexec'
localedir='${datarootdir}/locale'
localstatedir='${prefix}/var'
mandir='${datarootdir}/man'
mkdir_p='$(MKDIR_P)'
oldincludedir='/usr/include'
pdfdir='${docdir}'
prefix='/usr/local'
program_transform_name='s,x,x,'
psdir='${docdir}'
sbindir='${exec_prefix}/sbin'
sharedstatedir='${prefix}/com'
sysconfdir='${prefix}/etc'
target_alias=''

## ----------- ##
## confdefs.h. ##
## ----------- ##

/* confdefs.h */
#define PACKAGE_NAME "FULL-PACKAGE-NAME"
#define PACKAGE_TARNAME "full-package-name"
#define PACKAGE_VERSION "VERSION"
#define PACKAGE_STRING "FULL-PACKAGE-NAME VERSION"
#define PACKAGE_BUGREPORT "BUG-REPORT-ADDRESS"
#define PACKAGE_URL ""
#define PACKAGE "full-package-name"
#define VERSION "VERSION"

configure: exit 0
